-------------------------------------------------------------------------------
Test set: com.wevent.wevent.WeventApplicationTests
-------------------------------------------------------------------------------
Tests run: 1, Failures: 0, Errors: 1, Skipped: 0, Time elapsed: 14.895 s <<< FAILURE! - in com.wevent.wevent.WeventApplicationTests
contextLoads  Time elapsed: 0.029 s  <<< ERROR!
java.lang.IllegalStateException: Failed to load ApplicationContext
Caused by: org.springframework.beans.factory.UnsatisfiedDependencyException: Error creating bean with name 'registrationController' defined in file [C:\Users\chahrazed.benazaiez\Desktop\1ALINFO3\PI\PI_1\backend\target\classes\com\wevent\wevent\Controllers\RegistrationController.class]: Unsatisfied dependency expressed through constructor parameter 0; nested exception is org.springframework.beans.factory.UnsatisfiedDependencyException: Error creating bean with name 'registrationService' defined in file [C:\Users\chahrazed.benazaiez\Desktop\1ALINFO3\PI\PI_1\backend\target\classes\com\wevent\wevent\Services\RegistrationService.class]: Unsatisfied dependency expressed through constructor parameter 0; nested exception is org.springframework.beans.factory.UnsatisfiedDependencyException: Error creating bean with name 'userService' defined in file [C:\Users\chahrazed.benazaiez\Desktop\1ALINFO3\PI\PI_1\backend\target\classes\com\wevent\wevent\Services\UserService.class]: Unsatisfied dependency expressed through constructor parameter 3; nested exception is org.springframework.beans.factory.UnsatisfiedDependencyException: Error creating bean with name 'webSecurityConfig' defined in file [C:\Users\chahrazed.benazaiez\Desktop\1ALINFO3\PI\PI_1\backend\target\classes\com\wevent\wevent\Security\Config\WebSecurityConfig.class]: Unsatisfied dependency expressed through constructor parameter 2; nested exception is org.springframework.beans.factory.UnsatisfiedDependencyException: Error creating bean with name 'jwtService' defined in file [C:\Users\chahrazed.benazaiez\Desktop\1ALINFO3\PI\PI_1\backend\target\classes\com\wevent\wevent\Services\JwtService.class]: Unsatisfied dependency expressed through constructor parameter 2; nested exception is org.springframework.beans.factory.BeanCurrentlyInCreationException: Error creating bean with name 'webSecurityConfig': Requested bean is currently in creation: Is there an unresolvable circular reference?
Caused by: org.springframework.beans.factory.UnsatisfiedDependencyException: Error creating bean with name 'registrationService' defined in file [C:\Users\chahrazed.benazaiez\Desktop\1ALINFO3\PI\PI_1\backend\target\classes\com\wevent\wevent\Services\RegistrationService.class]: Unsatisfied dependency expressed through constructor parameter 0; nested exception is org.springframework.beans.factory.UnsatisfiedDependencyException: Error creating bean with name 'userService' defined in file [C:\Users\chahrazed.benazaiez\Desktop\1ALINFO3\PI\PI_1\backend\target\classes\com\wevent\wevent\Services\UserService.class]: Unsatisfied dependency expressed through constructor parameter 3; nested exception is org.springframework.beans.factory.UnsatisfiedDependencyException: Error creating bean with name 'webSecurityConfig' defined in file [C:\Users\chahrazed.benazaiez\Desktop\1ALINFO3\PI\PI_1\backend\target\classes\com\wevent\wevent\Security\Config\WebSecurityConfig.class]: Unsatisfied dependency expressed through constructor parameter 2; nested exception is org.springframework.beans.factory.UnsatisfiedDependencyException: Error creating bean with name 'jwtService' defined in file [C:\Users\chahrazed.benazaiez\Desktop\1ALINFO3\PI\PI_1\backend\target\classes\com\wevent\wevent\Services\JwtService.class]: Unsatisfied dependency expressed through constructor parameter 2; nested exception is org.springframework.beans.factory.BeanCurrentlyInCreationException: Error creating bean with name 'webSecurityConfig': Requested bean is currently in creation: Is there an unresolvable circular reference?
Caused by: org.springframework.beans.factory.UnsatisfiedDependencyException: Error creating bean with name 'userService' defined in file [C:\Users\chahrazed.benazaiez\Desktop\1ALINFO3\PI\PI_1\backend\target\classes\com\wevent\wevent\Services\UserService.class]: Unsatisfied dependency expressed through constructor parameter 3; nested exception is org.springframework.beans.factory.UnsatisfiedDependencyException: Error creating bean with name 'webSecurityConfig' defined in file [C:\Users\chahrazed.benazaiez\Desktop\1ALINFO3\PI\PI_1\backend\target\classes\com\wevent\wevent\Security\Config\WebSecurityConfig.class]: Unsatisfied dependency expressed through constructor parameter 2; nested exception is org.springframework.beans.factory.UnsatisfiedDependencyException: Error creating bean with name 'jwtService' defined in file [C:\Users\chahrazed.benazaiez\Desktop\1ALINFO3\PI\PI_1\backend\target\classes\com\wevent\wevent\Services\JwtService.class]: Unsatisfied dependency expressed through constructor parameter 2; nested exception is org.springframework.beans.factory.BeanCurrentlyInCreationException: Error creating bean with name 'webSecurityConfig': Requested bean is currently in creation: Is there an unresolvable circular reference?
Caused by: org.springframework.beans.factory.UnsatisfiedDependencyException: Error creating bean with name 'webSecurityConfig' defined in file [C:\Users\chahrazed.benazaiez\Desktop\1ALINFO3\PI\PI_1\backend\target\classes\com\wevent\wevent\Security\Config\WebSecurityConfig.class]: Unsatisfied dependency expressed through constructor parameter 2; nested exception is org.springframework.beans.factory.UnsatisfiedDependencyException: Error creating bean with name 'jwtService' defined in file [C:\Users\chahrazed.benazaiez\Desktop\1ALINFO3\PI\PI_1\backend\target\classes\com\wevent\wevent\Services\JwtService.class]: Unsatisfied dependency expressed through constructor parameter 2; nested exception is org.springframework.beans.factory.BeanCurrentlyInCreationException: Error creating bean with name 'webSecurityConfig': Requested bean is currently in creation: Is there an unresolvable circular reference?
Caused by: org.springframework.beans.factory.UnsatisfiedDependencyException: Error creating bean with name 'jwtService' defined in file [C:\Users\chahrazed.benazaiez\Desktop\1ALINFO3\PI\PI_1\backend\target\classes\com\wevent\wevent\Services\JwtService.class]: Unsatisfied dependency expressed through constructor parameter 2; nested exception is org.springframework.beans.factory.BeanCurrentlyInCreationException: Error creating bean with name 'webSecurityConfig': Requested bean is currently in creation: Is there an unresolvable circular reference?
Caused by: org.springframework.beans.factory.BeanCurrentlyInCreationException: Error creating bean with name 'webSecurityConfig': Requested bean is currently in creation: Is there an unresolvable circular reference?

