-------------------------------------------------------------------------------
Test set: com.wevent.wevent.WeventApplicationTests
-------------------------------------------------------------------------------
Tests run: 1, Failures: 0, Errors: 1, Skipped: 0, Time elapsed: 7.197 s <<< FAILURE! - in com.wevent.wevent.WeventApplicationTests
contextLoads  Time elapsed: 0.015 s  <<< ERROR!
java.lang.IllegalStateException: Failed to load ApplicationContext
Caused by: org.springframework.beans.factory.BeanCreationException: Error creating bean with name 'entityManagerFactory' defined in class path resource [org/springframework/boot/autoconfigure/orm/jpa/HibernateJpaConfiguration.class]: Invocation of init method failed; nested exception is org.hibernate.AnnotationException: mappedBy reference an unknown target entity property: com.wevent.wevent.Entities.Utilisateur.notifications in com.wevent.wevent.Entities.Notification.utilisateurs
Caused by: org.hibernate.AnnotationException: mappedBy reference an unknown target entity property: com.wevent.wevent.Entities.Utilisateur.notifications in com.wevent.wevent.Entities.Notification.utilisateurs

